This file contains any messages produced by compilers while
running configure, to aid debugging if configure makes a mistake.

It was created by curl configure -, which was
generated by GNU Autoconf 2.69.  Invocation command line was

  $ ./configure --prefix=/home/xy/projects/imcloud/libcurl --host=arm-linux CC=arm-linux-gnueabihf-gcc CXX=arm-linux-gnueabihf-g++

## --------- ##
## Platform. ##
## --------- ##

hostname = xy-Z77H2-A2X-Deluxe
uname -m = x86_64
uname -r = 4.15.0-36-generic
uname -s = Linux
uname -v = #39~16.04.1-Ubuntu SMP Tue Sep 25 08:59:23 UTC 2018

/usr/bin/uname -p = unknown
/bin/uname -X     = unknown

/bin/arch              = unknown
/usr/bin/arch -k       = unknown
/usr/convex/getsysinfo = unknown
/usr/bin/hostinfo      = unknown
/bin/machine           = unknown
/usr/bin/oslevel       = unknown
/bin/universe          = unknown

PATH: /home/xy/windows/arm-linux/gcc-linaro-5.5.0-2017.10-x86_64_arm-linux-gnueabihf/bin
PATH: /home/xy/bin
PATH: /home/xy/.local/bin
PATH: /usr/local/sbin
PATH: /usr/local/bin
PATH: /usr/sbin
PATH: /usr/bin
PATH: /sbin
PATH: /bin
PATH: /usr/games
PATH: /usr/local/games
PATH: /snap/bin


## ----------- ##
## Core tests. ##
## ----------- ##

configure:3000: checking whether to enable maintainer-specific portions of Makefiles
configure:3009: result: no
configure:3033: checking whether make supports nested variables
configure:3050: result: yes
configure:3063: checking whether to enable debug build options
configure:3085: result: no
configure:3089: checking whether to enable compiler optimizer
configure:3110: result: (assumed) yes
configure:3122: checking whether to enable strict compiler warnings
configure:3141: result: no
configure:3145: checking whether to enable compiler warnings as errors
configure:3164: result: no
configure:3168: checking whether to enable curl debug memory tracking
configure:3190: result: no
configure:3207: checking whether to enable hiding of library internal symbols
configure:3228: result: yes
configure:3239: checking whether to enable c-ares for DNS lookups
configure:3261: result: no
configure:3265: checking whether to disable dependency on -lrt
configure:3281: result: (assumed no)
configure:3310: checking for path separator
configure:3312: result: :
configure:3338: checking for sed
configure:3357: found /bin/sed
configure:3370: result: /bin/sed
configure:3387: checking for grep
configure:3406: found /bin/grep
configure:3419: result: /bin/grep
configure:3435: checking for egrep
configure:3438: result: /bin/grep -E
configure:3494: checking for arm-linux-ar
configure:3528: result: no
configure:3538: checking for ar
configure:3557: found /usr/bin/ar
configure:3569: result: /usr/bin/ar
configure:3817: checking for a BSD-compatible install
configure:3885: result: /usr/bin/install -c
configure:3907: checking for arm-linux-gcc
configure:3934: result: arm-linux-gnueabihf-gcc
configure:4203: checking for C compiler version
configure:4212: arm-linux-gnueabihf-gcc --version >&5
arm-linux-gnueabihf-gcc (Linaro GCC 5.5-2017.10) 5.5.0
Copyright (C) 2015 Free Software Foundation, Inc.
This is free software; see the source for copying conditions.  There is NO
warranty; not even for MERCHANTABILITY or FITNESS FOR A PARTICULAR PURPOSE.

configure:4223: $? = 0
configure:4212: arm-linux-gnueabihf-gcc -v >&5
Using built-in specs.
COLLECT_GCC=arm-linux-gnueabihf-gcc
COLLECT_LTO_WRAPPER=/home/xy/windows/arm-linux/gcc-linaro-5.5.0-2017.10-x86_64_arm-linux-gnueabihf/bin/../libexec/gcc/arm-linux-gnueabihf/5.5.0/lto-wrapper
Target: arm-linux-gnueabihf
Configured with: '/home/tcwg-buildslave/workspace/tcwg-make-release/builder_arch/amd64/label/tcwg-x86_64-build/target/arm-linux-gnueabihf/snapshots/gcc.git~linaro-5.5-2017.10/configure' SHELL=/bin/bash --with-mpc=/home/tcwg-buildslave/workspace/tcwg-make-release/builder_arch/amd64/label/tcwg-x86_64-build/target/arm-linux-gnueabihf/_build/builds/destdir/x86_64-unknown-linux-gnu --with-mpfr=/home/tcwg-buildslave/workspace/tcwg-make-release/builder_arch/amd64/label/tcwg-x86_64-build/target/arm-linux-gnueabihf/_build/builds/destdir/x86_64-unknown-linux-gnu --with-gmp=/home/tcwg-buildslave/workspace/tcwg-make-release/builder_arch/amd64/label/tcwg-x86_64-build/target/arm-linux-gnueabihf/_build/builds/destdir/x86_64-unknown-linux-gnu --with-gnu-as --with-gnu-ld --disable-libmudflap --enable-lto --enable-shared --without-included-gettext --enable-nls --disable-sjlj-exceptions --enable-gnu-unique-object --enable-linker-build-id --disable-libstdcxx-pch --enable-c99 --enable-clocale=gnu --enable-libstdcxx-debug --enable-long-long --with-cloog=no --with-ppl=no --with-isl=no --disable-multilib --with-float=hard --with-fpu=vfpv3-d16 --with-mode=thumb --with-tune=cortex-a9 --with-arch=armv7-a --enable-threads=posix --enable-multiarch --enable-libstdcxx-time=yes --with-build-sysroot=/home/tcwg-buildslave/workspace/tcwg-make-release/builder_arch/amd64/label/tcwg-x86_64-build/target/arm-linux-gnueabihf/_build/sysroots/arm-linux-gnueabihf --with-sysroot=/home/tcwg-buildslave/workspace/tcwg-make-release/builder_arch/amd64/label/tcwg-x86_64-build/target/arm-linux-gnueabihf/_build/builds/destdir/x86_64-unknown-linux-gnu/arm-linux-gnueabihf/libc --enable-checking=release --disable-bootstrap --enable-languages=c,c++,fortran,lto --build=x86_64-unknown-linux-gnu --host=x86_64-unknown-linux-gnu --target=arm-linux-gnueabihf --prefix=/home/tcwg-buildslave/workspace/tcwg-make-release/builder_arch/amd64/label/tcwg-x86_64-build/target/arm-linux-gnueabihf/_build/builds/destdir/x86_64-unknown-linux-gnu
Thread model: posix
gcc version 5.5.0 (Linaro GCC 5.5-2017.10) 
configure:4223: $? = 0
configure:4212: arm-linux-gnueabihf-gcc -V >&5
arm-linux-gnueabihf-gcc: error: unrecognized command line option '-V'
arm-linux-gnueabihf-gcc: fatal error: no input files
compilation terminated.
configure:4223: $? = 1
configure:4212: arm-linux-gnueabihf-gcc -qversion >&5
arm-linux-gnueabihf-gcc: error: unrecognized command line option '-qversion'
arm-linux-gnueabihf-gcc: fatal error: no input files
compilation terminated.
configure:4223: $? = 1
configure:4242: checking whether the C compiler works
configure:4264: arm-linux-gnueabihf-gcc    conftest.c  >&5
configure:4268: $? = 0
configure:4316: result: yes
configure:4319: checking for C compiler default output file name
configure:4321: result: a.out
configure:4327: checking for suffix of executables
configure:4334: arm-linux-gnueabihf-gcc -o conftest    conftest.c  >&5
configure:4338: $? = 0
configure:4360: result: 
configure:4381: checking whether we are cross compiling
configure:4389: arm-linux-gnueabihf-gcc -o conftest    conftest.c  >&5
configure:4393: $? = 0
configure:4400: ./conftest
./configure: line 4402: ./conftest: cannot execute binary file: Exec format error
configure:4404: $? = 126
configure:4419: result: yes
configure:4424: checking for suffix of object files
configure:4445: arm-linux-gnueabihf-gcc -c   conftest.c >&5
configure:4449: $? = 0
configure:4470: result: o
configure:4474: checking whether we are using the GNU C compiler
configure:4492: arm-linux-gnueabihf-gcc -c   conftest.c >&5
configure:4492: $? = 0
configure:4501: result: yes
configure:4510: checking whether arm-linux-gnueabihf-gcc accepts -g
configure:4529: arm-linux-gnueabihf-gcc -c -g  conftest.c >&5
configure:4529: $? = 0
configure:4568: result: yes
configure:4585: checking for arm-linux-gnueabihf-gcc option to accept ISO C89
configure:4647: arm-linux-gnueabihf-gcc  -c -g -O2  conftest.c >&5
configure:4647: $? = 0
configure:4660: result: none needed
configure:4685: checking whether arm-linux-gnueabihf-gcc understands -c and -o together
configure:4706: arm-linux-gnueabihf-gcc -c conftest.c -o conftest2.o
configure:4709: $? = 0
configure:4706: arm-linux-gnueabihf-gcc -c conftest.c -o conftest2.o
configure:4709: $? = 0
configure:4721: result: yes
configure:4744: checking how to run the C preprocessor
configure:4775: arm-linux-gnueabihf-gcc -E  conftest.c
configure:4775: $? = 0
configure:4789: arm-linux-gnueabihf-gcc -E  conftest.c
conftest.c:9:28: fatal error: ac_nonexistent.h: No such file or directory
compilation terminated.
configure:4789: $? = 1
configure: failed program was:
| /* confdefs.h */
| #define PACKAGE_NAME "curl"
| #define PACKAGE_TARNAME "curl"
| #define PACKAGE_VERSION "-"
| #define PACKAGE_STRING "curl -"
| #define PACKAGE_BUGREPORT "a suitable curl mailing list: https://curl.haxx.se/mail/"
| #define PACKAGE_URL ""
| /* end confdefs.h.  */
| #include <ac_nonexistent.h>
configure:4814: result: arm-linux-gnueabihf-gcc -E
configure:4834: arm-linux-gnueabihf-gcc -E  conftest.c
configure:4834: $? = 0
configure:4848: arm-linux-gnueabihf-gcc -E  conftest.c
conftest.c:9:28: fatal error: ac_nonexistent.h: No such file or directory
compilation terminated.
configure:4848: $? = 1
configure: failed program was:
| /* confdefs.h */
| #define PACKAGE_NAME "curl"
| #define PACKAGE_TARNAME "curl"
| #define PACKAGE_VERSION "-"
| #define PACKAGE_STRING "curl -"
| #define PACKAGE_BUGREPORT "a suitable curl mailing list: https://curl.haxx.se/mail/"
| #define PACKAGE_URL ""
| /* end confdefs.h.  */
| #include <ac_nonexistent.h>
configure:4888: checking for a sed that does not truncate output
configure:4952: result: /bin/sed
configure:4971: checking whether to build with code coverage support
configure:4991: result: no
configure:5336: checking whether build environment is sane
configure:5391: result: yes
configure:5447: checking for arm-linux-strip
configure:5477: result: no
configure:5487: checking for strip
configure:5503: found /usr/bin/strip
configure:5514: result: strip
configure:5526: WARNING: using cross tools not prefixed with host triplet
configure:5539: checking for a thread-safe mkdir -p
configure:5578: result: /bin/mkdir -p
configure:5585: checking for gawk
configure:5615: result: no
configure:5585: checking for mawk
configure:5601: found /usr/bin/mawk
configure:5612: result: mawk
configure:5623: checking whether make sets $(MAKE)
configure:5645: result: yes
configure:5675: checking for style of include used by make
configure:5703: result: GNU
configure:5804: checking dependency style of arm-linux-gnueabihf-gcc
configure:5915: result: gcc3
configure:5978: checking curl version
configure:5980: result: 7.61.0-DEV
configure:6026: checking build system type
configure:6040: result: x86_64-pc-linux-gnu
configure:6060: checking host system type
configure:6073: result: arm-unknown-linux-gnu
configure:6105: checking for grep that handles long lines and -e
configure:6163: result: /bin/grep
configure:6168: checking for egrep
configure:6230: result: /bin/grep -E
configure:6237: checking if OS is AIX (to define _ALL_SOURCE)
configure:6257: result: no
configure:6267: checking if _THREAD_SAFE is already defined
configure:6288: arm-linux-gnueabihf-gcc -c   conftest.c >&5
conftest.c: In function 'main':
conftest.c:21:7: error: unknown type name 'force'
       force compilation error
       ^
conftest.c:21:25: error: expected '=', ',', ';', 'asm' or '__attribute__' before 'error'
       force compilation error
                         ^
configure:6288: $? = 1
configure: failed program was:
| /* confdefs.h */
| #define PACKAGE_NAME "curl"
| #define PACKAGE_TARNAME "curl"
| #define PACKAGE_VERSION "-"
| #define PACKAGE_STRING "curl -"
| #define PACKAGE_BUGREPORT "a suitable curl mailing list: https://curl.haxx.se/mail/"
| #define PACKAGE_URL ""
| #define PACKAGE "curl"
| #define VERSION "-"
| #define OS "arm-unknown-linux-gnu"
| /* end confdefs.h.  */
| 
| 
| 
| int main (void)
| {
| 
| #ifdef _THREAD_SAFE
|       int dummy=1;
| #else
|       force compilation error
| #endif
| 
|  ;
|  return 0;
| }
| 
configure:6296: result: no
configure:6304: checking if _THREAD_SAFE is actually needed
configure:6323: result: no
configure:6328: checking if _THREAD_SAFE is onwards defined
configure:6345: result: no
configure:6352: checking if _REENTRANT is already defined
configure:6373: arm-linux-gnueabihf-gcc -c   conftest.c >&5
conftest.c: In function 'main':
conftest.c:21:7: error: unknown type name 'force'
       force compilation error
       ^
conftest.c:21:25: error: expected '=', ',', ';', 'asm' or '__attribute__' before 'error'
       force compilation error
                         ^
configure:6373: $? = 1
configure: failed program was:
| /* confdefs.h */
| #define PACKAGE_NAME "curl"
| #define PACKAGE_TARNAME "curl"
| #define PACKAGE_VERSION "-"
| #define PACKAGE_STRING "curl -"
| #define PACKAGE_BUGREPORT "a suitable curl mailing list: https://curl.haxx.se/mail/"
| #define PACKAGE_URL ""
| #define PACKAGE "curl"
| #define VERSION "-"
| #define OS "arm-unknown-linux-gnu"
| /* end confdefs.h.  */
| 
| 
| 
| int main (void)
| {
| 
| #ifdef _REENTRANT
|       int dummy=1;
| #else
|       force compilation error
| #endif
| 
|  ;
|  return 0;
| }
| 
configure:6381: result: no
configure:6389: checking if _REENTRANT is actually needed
configure:6420: arm-linux-gnueabihf-gcc -c   conftest.c >&5
configure:6420: $? = 0
configure:6451: arm-linux-gnueabihf-gcc -c   conftest.c >&5
configure:6451: $? = 0
configure:6522: arm-linux-gnueabihf-gcc -o conftest    conftest.c  >&5
configure:6522: $? = 0
configure:6601: arm-linux-gnueabihf-gcc -o conftest    conftest.c  >&5
configure:6601: $? = 0
configure:6680: arm-linux-gnueabihf-gcc -o conftest    conftest.c  >&5
configure:6680: $? = 0
configure:6759: arm-linux-gnueabihf-gcc -o conftest    conftest.c  >&5
configure:6759: $? = 0
configure:6838: arm-linux-gnueabihf-gcc -o conftest    conftest.c  >&5
/tmp/cc6KhU3J.o: In function `main':
conftest.c:(.text+0x4): undefined reference to `inet_ntoa_r'
collect2: error: ld returned 1 exit status
configure:6838: $? = 1
configure: failed program was:
| /* confdefs.h */
| #define PACKAGE_NAME "curl"
| #define PACKAGE_TARNAME "curl"
| #define PACKAGE_VERSION "-"
| #define PACKAGE_STRING "curl -"
| #define PACKAGE_BUGREPORT "a suitable curl mailing list: https://curl.haxx.se/mail/"
| #define PACKAGE_URL ""
| #define PACKAGE "curl"
| #define VERSION "-"
| #define OS "arm-unknown-linux-gnu"
| /* end confdefs.h.  */
| 
| 
| #define inet_ntoa_r innocuous_inet_ntoa_r
| #ifdef __STDC__
| # include <limits.h>
| #else
| # include <assert.h>
| #endif
| #undef inet_ntoa_r
| #ifdef __cplusplus
| extern "C"
| #endif
| char inet_ntoa_r ();
| #if defined __stub_inet_ntoa_r || defined __stub___inet_ntoa_r
| choke me
| #endif
| 
| int main (void)
| {
| return inet_ntoa_r ();
|  ;
|  return 0;
| }
| 
configure:6921: arm-linux-gnueabihf-gcc -o conftest    conftest.c  >&5
configure:6921: $? = 0
configure:7000: arm-linux-gnueabihf-gcc -o conftest    conftest.c  >&5
configure:7000: $? = 0

## ---------------- ##
## Cache variables. ##
## ---------------- ##

ac_cv_build=x86_64-pc-linux-gnu
ac_cv_c_compiler_gnu=yes
ac_cv_env_CC_set=set
ac_cv_env_CC_value=arm-linux-gnueabihf-gcc
ac_cv_env_CFLAGS_set=
ac_cv_env_CFLAGS_value=
ac_cv_env_CPPFLAGS_set=
ac_cv_env_CPPFLAGS_value=
ac_cv_env_CPP_set=
ac_cv_env_CPP_value=
ac_cv_env_LDFLAGS_set=
ac_cv_env_LDFLAGS_value=
ac_cv_env_LIBS_set=
ac_cv_env_LIBS_value=
ac_cv_env_LT_SYS_LIBRARY_PATH_set=
ac_cv_env_LT_SYS_LIBRARY_PATH_value=
ac_cv_env_build_alias_set=
ac_cv_env_build_alias_value=
ac_cv_env_host_alias_set=set
ac_cv_env_host_alias_value=arm-linux
ac_cv_env_target_alias_set=
ac_cv_env_target_alias_value=
ac_cv_host=arm-unknown-linux-gnu
ac_cv_objext=o
ac_cv_path_EGREP='/bin/grep -E'
ac_cv_path_GREP=/bin/grep
ac_cv_path_SED=/bin/sed
ac_cv_path_ac_pt_AR=/usr/bin/ar
ac_cv_path_install='/usr/bin/install -c'
ac_cv_path_mkdir=/bin/mkdir
ac_cv_prog_AWK=mawk
ac_cv_prog_CC=arm-linux-gnueabihf-gcc
ac_cv_prog_CPP='arm-linux-gnueabihf-gcc -E'
ac_cv_prog_ac_ct_STRIP=strip
ac_cv_prog_cc_c89=
ac_cv_prog_cc_g=yes
ac_cv_prog_make_make_set=yes
am_cv_CC_dependencies_compiler_type=gcc3
am_cv_make_support_nested_variables=yes
am_cv_prog_cc_c_o=yes

## ----------------- ##
## Output variables. ##
## ----------------- ##














	@echo "Need to reconfigure with --enable-code-coverage"
	@echo "Need to reconfigure with --enable-code-coverage"
 $(CODE_COVERAGE_IGNORE_PATTERN);
 $(CODE_COVERAGE_OUTPUT_FILE);
#
#
#    $(PACKAGE_NAME)-$(PACKAGE_VERSION)-coverage)
#    $(PACKAGE_NAME)-$(PACKAGE_VERSION)-coverage.info)
#    (Default: $(top_builddir))
#    (Default: empty)
#    Multiple directories may be specified, separated by whitespace.
#    by lcov for code coverage. (Default:
#    collecting lcov instance. (Default: $CODE_COVERAGE_LCOV_OPTIONS_GCOVPATH)
#    genhtml instance. (Default: based on $CODE_COVERAGE_BRANCH_COVERAGE)
#    instance. (Default: $CODE_COVERAGE_GENHTML_OPTIONS_DEFAULT)
#    instance. (Default: $CODE_COVERAGE_LCOV_OPTIONS_DEFAULT)
#    instance. (Default: $CODE_COVERAGE_LCOV_RMOPTS_DEFAULT)
#    instances. (Default: $CODE_COVERAGE_LCOV_SHOPTS_DEFAULT)
#    instances. (Default: based on $CODE_COVERAGE_BRANCH_COVERAGE)
#    lcov instance. (Default: empty)
#    reports to be created. (Default:
#    set to 0 to disable it and leave empty to stay with the default.
#  - CODE_COVERAGE_BRANCH_COVERAGE: Set to 1 to enforce branch coverage,
#  - CODE_COVERAGE_DIRECTORY: Top-level directory for code coverage reporting.
#  - CODE_COVERAGE_GENHTML_OPTIONS: Extra options to pass to the genhtml
#  - CODE_COVERAGE_GENHTML_OPTIONS_DEFAULT: Extra options to pass to the
#  - CODE_COVERAGE_IGNORE_PATTERN: Extra glob pattern of files to ignore
#  - CODE_COVERAGE_LCOV_OPTIONS: Extra options to pass to the collecting lcov
#  - CODE_COVERAGE_LCOV_OPTIONS_DEFAULT: Extra options to pass to the
#  - CODE_COVERAGE_LCOV_OPTIONS_GCOVPATH: --gcov-tool pathtogcov
#  - CODE_COVERAGE_LCOV_RMOPTS: Extra options to pass to the filtering lcov
#  - CODE_COVERAGE_LCOV_RMOPTS_DEFAULT: Extra options to pass to the filtering
#  - CODE_COVERAGE_LCOV_SHOPTS: Extra options to shared between both lcov
#  - CODE_COVERAGE_LCOV_SHOPTS_DEFAULT: Extra options shared between both lcov
#  - CODE_COVERAGE_OUTPUT_DIRECTORY: Directory for generated code coverage
#  - CODE_COVERAGE_OUTPUT_FILE: Filename and path for the .info file generated
# $(PACKAGE_VERSION). In order to add the current git hash to the title,
# Capture code coverage data
# Code coverage
# Hook rule executed before code-coverage-capture, overridable by the user
# Optional variables
# Optional:
# The generated report will be titled using the $(PACKAGE_NAME) and
# Use recursive makes in order to ignore errors during check
# sanitizes the test-name: replaces with underscores: dashes and dots
# use the git-version-gen script, available online.
$(if $(CODE_COVERAGE_BRANCH_COVERAGE),\
'
--rc genhtml_branch_coverage=$(CODE_COVERAGE_BRANCH_COVERAGE))
--rc lcov_branch_coverage=$(CODE_COVERAGE_BRANCH_COVERAGE))
.PHONY: check-code-coverage code-coverage-capture code-coverage-capture-hook code-coverage-clean
ACLOCAL='${SHELL} /home/xy/projects/imcloud/curl/missing aclocal-1.15'
AMDEPBACKSLASH='\'
AMDEP_FALSE='#'
AMDEP_TRUE=''
AMTAR='$${TAR-tar}'
AM_BACKSLASH='\'
AM_DEFAULT_V='$(AM_DEFAULT_VERBOSITY)'
AM_DEFAULT_VERBOSITY='0'
AM_DISTCHECK_CONFIGURE_FLAGS += --disable-code-coverage
AM_DISTCHECK_CONFIGURE_FLAGS ?=
AM_V='$(V)'
AR='/usr/bin/ar'
AR_FLAGS='cr'
AS=''
AUTOCONF='${SHELL} /home/xy/projects/imcloud/curl/missing autoconf'
AUTOHEADER='${SHELL} /home/xy/projects/imcloud/curl/missing autoheader'
AUTOMAKE='${SHELL} /home/xy/projects/imcloud/curl/missing automake-1.15'
AWK='mawk'
BLANK_AT_MAKETIME=''
BUILD_LIBHOSTNAME_FALSE=''
BUILD_LIBHOSTNAME_TRUE=''
BUILD_STUB_GSS_FALSE=''
BUILD_STUB_GSS_TRUE=''
BUILD_UNITTESTS_FALSE=''
BUILD_UNITTESTS_TRUE=''
CC='arm-linux-gnueabihf-gcc'
CCDEPMODE='depmode=gcc3'
CFLAGS=''
CFLAG_CURL_SYMBOL_HIDING=''
CODE_COVERAGE_BRANCH_COVERAGE ?=
CODE_COVERAGE_CFLAGS=''
CODE_COVERAGE_CPPFLAGS=''
CODE_COVERAGE_CXXFLAGS=''
CODE_COVERAGE_DIRECTORY ?= $(top_builddir)
CODE_COVERAGE_ENABLED='no'
CODE_COVERAGE_ENABLED_FALSE=''
CODE_COVERAGE_ENABLED_TRUE='#'
CODE_COVERAGE_GENHTML_OPTIONS ?= $(CODE_COVERAGE_GENHTML_OPTIONS_DEFAULT)
CODE_COVERAGE_GENHTML_OPTIONS_DEFAULT ?=\
CODE_COVERAGE_IGNORE_PATTERN ?=
CODE_COVERAGE_LCOV_OPTIONS ?= $(CODE_COVERAGE_LCOV_OPTIONS_DEFAULT)
CODE_COVERAGE_LCOV_OPTIONS_DEFAULT ?= $(CODE_COVERAGE_LCOV_OPTIONS_GCOVPATH)
CODE_COVERAGE_LCOV_OPTIONS_GCOVPATH ?= --gcov-tool "$(GCOV)"
CODE_COVERAGE_LCOV_RMOPTS ?= $(CODE_COVERAGE_LCOV_RMOPTS_DEFAULT)
CODE_COVERAGE_LCOV_RMOPTS_DEFAULT ?=
CODE_COVERAGE_LCOV_SHOPTS ?= $(CODE_COVERAGE_LCOV_SHOPTS_DEFAULT)
CODE_COVERAGE_LCOV_SHOPTS_DEFAULT ?= $(if $(CODE_COVERAGE_BRANCH_COVERAGE),\
CODE_COVERAGE_LDFLAGS=''
CODE_COVERAGE_LIBS=''
CODE_COVERAGE_OUTPUT_DIRECTORY ?= $(PACKAGE_NAME)-$(PACKAGE_VERSION)-coverage
CODE_COVERAGE_OUTPUT_FILE ?= $(PACKAGE_NAME)-$(PACKAGE_VERSION)-coverage.info
CODE_COVERAGE_RULES='
CONFIGURE_OPTIONS='" '\''--prefix=/home/xy/projects/imcloud/libcurl'\'' '\''--host=arm-linux'\'' '\''CC=arm-linux-gnueabihf-gcc'\'' '\''CXX=arm-linux-gnueabihf-g++'\'' '\''host_alias=arm-linux'\''"'
CPP='arm-linux-gnueabihf-gcc -E'
CPPFLAGS=''
CPPFLAG_CURL_STATICLIB=''
CROSSCOMPILING_FALSE=''
CROSSCOMPILING_TRUE=''
CURLDEBUG_FALSE=''
CURLDEBUG_TRUE=''
CURLVERSION='7.61.0-DEV'
CURL_CA_BUNDLE=''
CURL_CFLAG_EXTRAS=''
CURL_DISABLE_DICT=''
CURL_DISABLE_FILE=''
CURL_DISABLE_FTP=''
CURL_DISABLE_GOPHER=''
CURL_DISABLE_HTTP=''
CURL_DISABLE_IMAP=''
CURL_DISABLE_LDAP=''
CURL_DISABLE_LDAPS=''
CURL_DISABLE_POP3=''
CURL_DISABLE_PROXY=''
CURL_DISABLE_RTSP=''
CURL_DISABLE_SMB=''
CURL_DISABLE_SMTP=''
CURL_DISABLE_TELNET=''
CURL_DISABLE_TFTP=''
CURL_LT_SHLIB_USE_MIMPURE_TEXT_FALSE=''
CURL_LT_SHLIB_USE_MIMPURE_TEXT_TRUE=''
CURL_LT_SHLIB_USE_NO_UNDEFINED_FALSE=''
CURL_LT_SHLIB_USE_NO_UNDEFINED_TRUE=''
CURL_LT_SHLIB_USE_VERSIONED_SYMBOLS_FALSE=''
CURL_LT_SHLIB_USE_VERSIONED_SYMBOLS_TRUE=''
CURL_LT_SHLIB_USE_VERSION_INFO_FALSE=''
CURL_LT_SHLIB_USE_VERSION_INFO_TRUE=''
CURL_LT_SHLIB_VERSIONED_FLAVOUR=''
CURL_NETWORK_AND_TIME_LIBS=''
CURL_NETWORK_LIBS=''
CURL_WITH_MULTI_SSL=''
CYGPATH_W='echo'
DEFAULT_SSL_BACKEND=''
DEFS=''
DEPDIR='.deps'
DLLTOOL=''
DOING_CURL_SYMBOL_HIDING_FALSE=''
DOING_CURL_SYMBOL_HIDING_TRUE=''
DOING_NATIVE_WINDOWS_FALSE=''
DOING_NATIVE_WINDOWS_TRUE=''
DSYMUTIL=''
DUMPBIN=''
ECHO_C=''
ECHO_N='-n'
ECHO_T=''
EGREP='/bin/grep -E'
ENABLE_SHARED=''
ENABLE_STATIC=''
EXEEXT=''
FGREP=''
GCOV=''
GENHTML=''
GITIGNOREFILES += $(CODE_COVERAGE_OUTPUT_FILE) $(CODE_COVERAGE_OUTPUT_DIRECTORY)
GITIGNOREFILES ?=
GREP='/bin/grep'
HAVE_BROTLI=''
HAVE_GNUTLS_SRP=''
HAVE_LDAP_SSL=''
HAVE_LIBZ=''
HAVE_LIBZ_FALSE=''
HAVE_LIBZ_TRUE=''
HAVE_OPENSSL_SRP=''
IDN_ENABLED=''
INSTALL_DATA='${INSTALL} -m 644'
INSTALL_PROGRAM='${INSTALL}'
INSTALL_SCRIPT='${INSTALL}'
INSTALL_STRIP_PROGRAM='$(install_sh) -c -s'
IPV6_ENABLED=''
LCOV=''
LD=''
LDFLAGS=''
LIBCURL_LIBS=''
LIBMETALINK_CPPFLAGS=''
LIBMETALINK_LDFLAGS=''
LIBMETALINK_LIBS=''
LIBOBJS=''
LIBS=''
LIBTOOL=''
LIPO=''
LN_S=''
LTLIBOBJS=''
LT_SYS_LIBRARY_PATH=''
MAINT='#'
MAINTAINER_MODE_FALSE=''
MAINTAINER_MODE_TRUE='#'
MAKEINFO='${SHELL} /home/xy/projects/imcloud/curl/missing makeinfo'
MANIFEST_TOOL=''
MANOPT=''
MKDIR_P='/bin/mkdir -p'
NM=''
NMEDIT=''
NROFF=''
NSS_LIBS=''
OBJDUMP=''
OBJEXT='o'
OTOOL64=''
OTOOL=''
PACKAGE='curl'
PACKAGE_BUGREPORT='a suitable curl mailing list: https://curl.haxx.se/mail/'
PACKAGE_NAME='curl'
PACKAGE_STRING='curl -'
PACKAGE_TARNAME='curl'
PACKAGE_URL=''
PACKAGE_VERSION='-'
PATH_SEPARATOR=':'
PERL=''
PKGADD_NAME='curl - a client that groks URLs'
PKGADD_PKG='HAXXcurl'
PKGADD_VENDOR='curl.haxx.se'
PKGCONFIG=''
RANDOM_FILE=''
RANLIB=''
REQUIRE_LIB_DEPS=''
SED='/bin/sed'
SET_MAKE=''
SHELL='/bin/bash'
SSL_BACKENDS=''
SSL_ENABLED=''
SSL_LIBS=''
STRIP='strip'
SUPPORT_FEATURES=''
SUPPORT_PROTOCOLS=''
USE_ARES=''
USE_AXTLS=''
USE_CPPFLAG_CURL_STATICLIB_FALSE=''
USE_CPPFLAG_CURL_STATICLIB_TRUE=''
USE_CYASSL=''
USE_DARWINSSL=''
USE_EMBEDDED_ARES_FALSE=''
USE_EMBEDDED_ARES_TRUE=''
USE_EXPLICIT_LIB_DEPS_FALSE=''
USE_EXPLICIT_LIB_DEPS_TRUE=''
USE_GNUTLS=''
USE_GNUTLS_NETTLE=''
USE_LIBPSL_FALSE=''
USE_LIBPSL_TRUE=''
USE_LIBRTMP=''
USE_LIBSSH2=''
USE_LIBSSH=''
USE_MANUAL_FALSE=''
USE_MANUAL_TRUE=''
USE_MBEDTLS=''
USE_NGHTTP2=''
USE_NSS=''
USE_OPENLDAP=''
USE_POLARSSL=''
USE_SCHANNEL=''
USE_UNIX_SOCKETS=''
USE_WINDOWS_SSPI=''
VERSION='-'
VERSIONNUM='073D00'
ZLIB_LIBS=''
ZSH_FUNCTIONS_DIR=''
ac_ct_AR=''
ac_ct_CC=''
ac_ct_DUMPBIN=''
am__EXEEXT_FALSE=''
am__EXEEXT_TRUE=''
am__fastdepCC_FALSE='#'
am__fastdepCC_TRUE=''
am__include='include'
am__isrc=''
am__leading_dot='.'
am__nodep='_no'
am__quote=''
am__tar='$${TAR-tar} chof - "$$tardir"'
am__untar='$${TAR-tar} xf -'
bindir='${exec_prefix}/bin'
build='x86_64-pc-linux-gnu'
build_alias=''
build_cpu='x86_64'
build_os='linux-gnu'
build_vendor='pc'
check-code-coverage:
code-coverage-capture-hook:
code-coverage-capture: code-coverage-capture-hook
code_coverage_quiet = $(code_coverage_quiet_$(V))
code_coverage_quiet_ = $(code_coverage_quiet_$(AM_DEFAULT_VERBOSITY))
code_coverage_quiet_0 = --quiet
code_coverage_sanitize = $(subst -,_,$(subst .,_,$(1)))
code_coverage_v_genhtml = $(code_coverage_v_genhtml_$(V))
code_coverage_v_genhtml_ = $(code_coverage_v_genhtml_$(AM_DEFAULT_VERBOSITY))
code_coverage_v_genhtml_0 = @echo "  GEN   " $(CODE_COVERAGE_OUTPUT_DIRECTORY);
code_coverage_v_lcov_cap = $(code_coverage_v_lcov_cap_$(V))
code_coverage_v_lcov_cap_ = $(code_coverage_v_lcov_cap_$(AM_DEFAULT_VERBOSITY))
code_coverage_v_lcov_cap_0 = @echo "  LCOV   --capture"\
code_coverage_v_lcov_ign = $(code_coverage_v_lcov_ign_$(V))
code_coverage_v_lcov_ign_ = $(code_coverage_v_lcov_ign_$(AM_DEFAULT_VERBOSITY))
code_coverage_v_lcov_ign_0 = @echo "  LCOV   --remove /tmp/*"\
datadir='${datarootdir}'
datarootdir='${prefix}/share'
docdir='${datarootdir}/doc/${PACKAGE_TARNAME}'
dvidir='${docdir}'
exec_prefix='NONE'
host='arm-unknown-linux-gnu'
host_alias='arm-linux'
host_cpu='arm'
host_os='linux-gnu'
host_vendor='unknown'
htmldir='${docdir}'
includedir='${prefix}/include'
infodir='${datarootdir}/info'
install_sh='${SHELL} /home/xy/projects/imcloud/curl/install-sh'
libdir='${exec_prefix}/lib'
libexecdir='${exec_prefix}/libexec'
libext=''
localedir='${datarootdir}/locale'
localstatedir='${prefix}/var'
mandir='${datarootdir}/man'
mkdir_p='$(MKDIR_P)'
oldincludedir='/usr/include'
pdfdir='${docdir}'
prefix='/home/xy/projects/imcloud/libcurl'
program_transform_name='s,x,x,'
psdir='${docdir}'
runstatedir='${localstatedir}/run'
sbindir='${exec_prefix}/sbin'
sharedstatedir='${prefix}/com'
subdirs=''
sysconfdir='${prefix}/etc'
target_alias=''

## ----------- ##
## confdefs.h. ##
## ----------- ##

/* confdefs.h */
#define PACKAGE_NAME "curl"
#define PACKAGE_TARNAME "curl"
#define PACKAGE_VERSION "-"
#define PACKAGE_STRING "curl -"
#define PACKAGE_BUGREPORT "a suitable curl mailing list: https://curl.haxx.se/mail/"
#define PACKAGE_URL ""
#define PACKAGE "curl"
#define VERSION "-"
#define OS "arm-unknown-linux-gnu"

configure: caught signal 2
configure: exit 1
